<?xml version="1.0" encoding="UTF-8"?>
<!-- Generated by org.testng.reporters.JUnitReportReporter -->
<testsuite skipped="0" hostname="George-PC" name="com.company.project.trip_Automation.AppTest" tests="1" failures="0" timestamp="18 Jul 2018 05:51:45 GMT" time="45.772" errors="0">
  <testcase name="findCheapestAndExpensiveTrip" time="45.772" classname="com.company.project.trip_Automation.AppTest"/>
</testsuite> <!-- com.company.project.trip_Automation.AppTest -->
